\BOOKMARK [1][-]{section.1}{\376\377\000S\000e\000t\000\040\000A}{}% 1
\BOOKMARK [1][-]{section.2}{\376\377\000S\000e\000t\000\040\000B}{}% 2
\BOOKMARK [2][-]{subsection.2.1}{\376\377\0001\000.}{section.2}% 3
\BOOKMARK [3][-]{subsubsection.2.1.1}{\376\377\000a\000\051}{subsection.2.1}% 4
\BOOKMARK [3][-]{subsubsection.2.1.2}{\376\377\000b\000\051}{subsection.2.1}% 5
\BOOKMARK [3][-]{subsubsection.2.1.3}{\376\377\000c\000\051}{subsection.2.1}% 6
\BOOKMARK [2][-]{subsection.2.2}{\376\377\0002\000.}{section.2}% 7
\BOOKMARK [3][-]{subsubsection.2.2.1}{\376\377\000a\000\051}{subsection.2.2}% 8
\BOOKMARK [3][-]{subsubsection.2.2.2}{\376\377\000b\000\051}{subsection.2.2}% 9
\BOOKMARK [3][-]{subsubsection.2.2.3}{\376\377\000c\000\051}{subsection.2.2}% 10
\BOOKMARK [3][-]{subsubsection.2.2.4}{\376\377\000d\000\051}{subsection.2.2}% 11
\BOOKMARK [3][-]{subsubsection.2.2.5}{\376\377\000e\000\051}{subsection.2.2}% 12
\BOOKMARK [2][-]{subsection.2.3}{\376\377\0003\000.}{section.2}% 13
\BOOKMARK [3][-]{subsubsection.2.3.1}{\376\377\000a\000\051}{subsection.2.3}% 14
\BOOKMARK [3][-]{subsubsection.2.3.2}{\376\377\000b\000\051}{subsection.2.3}% 15
\BOOKMARK [3][-]{subsubsection.2.3.3}{\376\377\000c\000\051}{subsection.2.3}% 16
\BOOKMARK [3][-]{subsubsection.2.3.4}{\376\377\000d\000\051}{subsection.2.3}% 17
\BOOKMARK [3][-]{subsubsection.2.3.5}{\376\377\000e\000\051}{subsection.2.3}% 18
\BOOKMARK [1][-]{section.3}{\376\377\0004\000.}{}% 19
\BOOKMARK [2][-]{subsection.3.1}{\376\377\000a\000\051}{section.3}% 20
\BOOKMARK [3][-]{subsubsection.3.1.1}{\376\377\000b\000\051}{subsection.3.1}% 21
